<?xml version="1.0" encoding="UTF-8"?>
<!-- Generated by org.testng.reporters.JUnitReportReporter -->
<testsuite hostname="DESKTOP-OQP30TJ" failures="0" tests="1" name="testcases.verifyregister" time="8.845" errors="0" timestamp="2023-06-20T15:22:29 IST" skipped="0">
  <testcase classname="testcases.verifyregister" name="register" time="8.845"/>
  <system-out/>
</testsuite> <!-- testcases.verifyregister -->
