<?xml version="1.0" encoding="UTF-8"?>
<!-- Generated by org.testng.reporters.JUnitReportReporter -->
<testsuite hostname="DESKTOP-OQP30TJ" failures="0" tests="1" name="testcases.verifylogin" time="6.711" errors="0" timestamp="2023-06-20T16:04:16 IST" skipped="0">
  <testcase classname="testcases.verifylogin" name="validLogin" time="6.711"/>
  <system-out/>
</testsuite> <!-- testcases.verifylogin -->
